<?xml version="1.0" encoding="UTF-8"?>
<!-- Generated by org.testng.reporters.JUnitReportReporter -->
<testsuite hostname="surender3145693" name="testCases.SS_CartPage_Public_Verify_ShopingCart_ItemCount" tests="1" failures="0" timestamp="25 Jan 2017 12:31:35 GMT" time="22.863" errors="0">
  <testcase name="main" time="22.863" classname="testCases.SS_CartPage_Public_Verify_ShopingCart_ItemCount"/>
</testsuite> <!-- testCases.SS_CartPage_Public_Verify_ShopingCart_ItemCount -->
