<?xml version="1.0" encoding="UTF-8"?>
<!-- Generated by org.testng.reporters.JUnitReportReporter -->
<testsuite hostname="surender3145693" name="testCases.SS_Forgot_Password_Verify_Fields" tests="1" failures="0" timestamp="7 Feb 2017 08:32:56 GMT" time="17.293" errors="0">
  <testcase name="main" time="17.293" classname="testCases.SS_Forgot_Password_Verify_Fields"/>
</testsuite> <!-- testCases.SS_Forgot_Password_Verify_Fields -->
