<?xml version="1.0" encoding="UTF-8"?>
<!-- Generated by org.testng.reporters.JUnitReportReporter -->
<testsuite hostname="surender3145693" name="testCases.SS_CheckOut_LoginAtCheckout_OrderUsingGiftCard" tests="1" failures="0" timestamp="25 Jan 2017 11:34:14 GMT" time="50.417" errors="0">
  <testcase name="main" time="50.417" classname="testCases.SS_CheckOut_LoginAtCheckout_OrderUsingGiftCard"/>
</testsuite> <!-- testCases.SS_CheckOut_LoginAtCheckout_OrderUsingGiftCard -->
