<?xml version="1.0" encoding="UTF-8"?>
<!-- Generated by org.testng.reporters.JUnitReportReporter -->
<testsuite hostname="surender3145693" name="testCases.SS_CheckOut_LoginAtCheckout_CheckAddress_AllBlank" tests="1" failures="0" timestamp="25 Jan 2017 04:58:06 GMT" time="67.487" errors="0">
  <testcase name="main" time="67.487" classname="testCases.SS_CheckOut_LoginAtCheckout_CheckAddress_AllBlank"/>
</testsuite> <!-- testCases.SS_CheckOut_LoginAtCheckout_CheckAddress_AllBlank -->
