<?xml version="1.0" encoding="UTF-8"?>
<!-- Generated by org.testng.reporters.JUnitReportReporter -->
<testsuite hostname="surender3145693" name="testCases.SS_PLP_Verify_QuickView_Details" tests="1" failures="0" timestamp="7 Feb 2017 04:29:15 GMT" time="21.842" errors="0">
  <testcase name="main" time="21.842" classname="testCases.SS_PLP_Verify_QuickView_Details"/>
</testsuite> <!-- testCases.SS_PLP_Verify_QuickView_Details -->
