<?xml version="1.0" encoding="UTF-8"?>
<!-- Generated by org.testng.reporters.JUnitReportReporter -->
<testsuite hostname="surender3145693" name="testCases.SS_Header_Public_Verify_Notification_Alert_Functionality" tests="1" failures="0" timestamp="7 Feb 2017 03:02:20 GMT" time="10.456" errors="0">
  <testcase name="main" time="10.456" classname="testCases.SS_Header_Public_Verify_Notification_Alert_Functionality"/>
</testsuite> <!-- testCases.SS_Header_Public_Verify_Notification_Alert_Functionality -->
