<?xml version="1.0" encoding="UTF-8"?>
<!-- Generated by org.testng.reporters.JUnitReportReporter -->
<testsuite hostname="surender3145693" name="testCases.SS_Header_Public_Verify_SSLogo_Functionality" tests="1" failures="0" timestamp="7 Feb 2017 03:02:20 GMT" time="21.919" errors="0">
  <testcase name="main" time="21.919" classname="testCases.SS_Header_Public_Verify_SSLogo_Functionality"/>
</testsuite> <!-- testCases.SS_Header_Public_Verify_SSLogo_Functionality -->
