<?xml version="1.0" encoding="UTF-8"?>
<!-- Generated by org.testng.reporters.JUnitReportReporter -->
<testsuite hostname="surender3145693" name="testCases.SS_Header_Public_Verify_Notification_Alert_Link" tests="1" failures="0" timestamp="7 Feb 2017 03:02:20 GMT" time="10.133" errors="0">
  <testcase name="main" time="10.133" classname="testCases.SS_Header_Public_Verify_Notification_Alert_Link"/>
</testsuite> <!-- testCases.SS_Header_Public_Verify_Notification_Alert_Link -->
