<?xml version="1.0" encoding="UTF-8"?>
<!-- Generated by org.testng.reporters.JUnitReportReporter -->
<testsuite hostname="surender3145693" name="testCases.SS_ProfilePage_AddMultipleAddress" tests="1" failures="0" timestamp="7 Feb 2017 08:18:23 GMT" time="44.026" errors="0">
  <testcase name="main" time="44.026" classname="testCases.SS_ProfilePage_AddMultipleAddress"/>
</testsuite> <!-- testCases.SS_ProfilePage_AddMultipleAddress -->
