<?xml version="1.0" encoding="UTF-8"?>
<!-- Generated by org.testng.reporters.JUnitReportReporter -->
<testsuite hostname="surender3145693" name="testCases.SS_Footer_CustomerRelated_Verify_All_Links_Are_Clickable" tests="1" failures="0" timestamp="7 Feb 2017 03:19:48 GMT" time="49.525" errors="0">
  <testcase name="main" time="49.525" classname="testCases.SS_Footer_CustomerRelated_Verify_All_Links_Are_Clickable"/>
</testsuite> <!-- testCases.SS_Footer_CustomerRelated_Verify_All_Links_Are_Clickable -->
