<?xml version="1.0" encoding="UTF-8"?>
<!-- Generated by org.testng.reporters.JUnitReportReporter -->
<testsuite hostname="surender3145693" name="testCases.SS_ProfilePage_EditAddress_ChangeDefaultAddress" tests="1" failures="0" timestamp="7 Feb 2017 08:18:23 GMT" time="48.015" errors="0">
  <testcase name="main" time="48.015" classname="testCases.SS_ProfilePage_EditAddress_ChangeDefaultAddress"/>
</testsuite> <!-- testCases.SS_ProfilePage_EditAddress_ChangeDefaultAddress -->
