<?xml version="1.0" encoding="UTF-8"?>
<!-- Generated by org.testng.reporters.JUnitReportReporter -->
<testsuite hostname="surender3145693" name="testCases.SS_CheckOut_AlreadyLoginUser_OrderUsingNetBanking" tests="1" failures="0" timestamp="25 Jan 2017 10:39:46 GMT" time="53.782" errors="0">
  <testcase name="main" time="53.782" classname="testCases.SS_CheckOut_AlreadyLoginUser_OrderUsingNetBanking"/>
</testsuite> <!-- testCases.SS_CheckOut_AlreadyLoginUser_OrderUsingNetBanking -->
