<?xml version="1.0" encoding="UTF-8"?>
<!-- Generated by org.testng.reporters.JUnitReportReporter -->
<testsuite hostname="surender3145693" name="testCases.SS_CartPage_Private_Verify_ShoppingBag_Page_Attributes" tests="1" failures="0" timestamp="25 Jan 2017 12:31:35 GMT" time="41.540" errors="0">
  <testcase name="main" time="41.540" classname="testCases.SS_CartPage_Private_Verify_ShoppingBag_Page_Attributes"/>
</testsuite> <!-- testCases.SS_CartPage_Private_Verify_ShoppingBag_Page_Attributes -->
