<?xml version="1.0" encoding="UTF-8"?>
<!-- Generated by org.testng.reporters.JUnitReportReporter -->
<testsuite hostname="surender3145693" name="testCases.SS_MyAccount_Verify_All_Menu" tests="1" failures="0" timestamp="7 Feb 2017 08:18:23 GMT" time="56.289" errors="0">
  <testcase name="main" time="56.289" classname="testCases.SS_MyAccount_Verify_All_Menu"/>
</testsuite> <!-- testCases.SS_MyAccount_Verify_All_Menu -->
