<?xml version="1.0" encoding="UTF-8"?>
<!-- Generated by org.testng.reporters.JUnitReportReporter -->
<testsuite hostname="surender3145693" name="testCases.SS_Forgot_Password_CorrectFormNavigation" tests="1" failures="0" timestamp="7 Feb 2017 08:32:56 GMT" time="17.068" errors="0">
  <testcase name="main" time="17.068" classname="testCases.SS_Forgot_Password_CorrectFormNavigation"/>
</testsuite> <!-- testCases.SS_Forgot_Password_CorrectFormNavigation -->
