<?xml version="1.0" encoding="UTF-8"?>
<!-- Generated by org.testng.reporters.JUnitReportReporter -->
<testsuite hostname="surender3145693" name="testCases.SS_PDP_Verify_AddToWishList_RegisteredUser" tests="1" failures="0" timestamp="25 Jan 2017 12:05:34 GMT" time="46.263" errors="0">
  <testcase name="main" time="46.263" classname="testCases.SS_PDP_Verify_AddToWishList_RegisteredUser"/>
</testsuite> <!-- testCases.SS_PDP_Verify_AddToWishList_RegisteredUser -->
