<?xml version="1.0" encoding="UTF-8"?>
<!-- Generated by org.testng.reporters.JUnitReportReporter -->
<testsuite hostname="surender3145693" name="testCases.SS_ProfilePage_EditAddress" tests="1" failures="0" timestamp="7 Feb 2017 08:18:23 GMT" time="37.134" errors="0">
  <testcase name="main" time="37.134" classname="testCases.SS_ProfilePage_EditAddress"/>
</testsuite> <!-- testCases.SS_ProfilePage_EditAddress -->
