<?xml version="1.0" encoding="UTF-8"?>
<!-- Generated by org.testng.reporters.JUnitReportReporter -->
<testsuite hostname="surender3145693" name="testCases.SS_PDP_AddToCart" tests="1" failures="0" timestamp="25 Jan 2017 11:44:02 GMT" time="26.659" errors="0">
  <testcase name="main" time="26.659" classname="testCases.SS_PDP_AddToCart"/>
</testsuite> <!-- testCases.SS_PDP_AddToCart -->
