<?xml version="1.0" encoding="UTF-8"?>
<!-- Generated by org.testng.reporters.JUnitReportReporter -->
<testsuite hostname="surender3145693" name="testCases.SS_MyAccount_Verify_Wishlist" tests="1" failures="0" timestamp="7 Feb 2017 08:18:23 GMT" time="31.441" errors="0">
  <testcase name="main" time="31.441" classname="testCases.SS_MyAccount_Verify_Wishlist"/>
</testsuite> <!-- testCases.SS_MyAccount_Verify_Wishlist -->
