<?xml version="1.0" encoding="UTF-8"?>
<!-- Generated by org.testng.reporters.JUnitReportReporter -->
<testsuite hostname="surender3145693" name="testCases.SS_FCC_Private_Verify_AddToBagFCC_ViaFooter" tests="1" failures="0" timestamp="25 Jan 2017 08:48:28 GMT" time="120.524" errors="0">
  <testcase name="main" time="120.524" classname="testCases.SS_FCC_Private_Verify_AddToBagFCC_ViaFooter"/>
</testsuite> <!-- testCases.SS_FCC_Private_Verify_AddToBagFCC_ViaFooter -->
