<?xml version="1.0" encoding="UTF-8"?>
<!-- Generated by org.testng.reporters.JUnitReportReporter -->
<testsuite hostname="surender3145693" name="testCases.SS_FCC_Private_Verify_AddToBagFCC_ViaHeader" tests="1" failures="0" timestamp="25 Jan 2017 08:48:28 GMT" time="103.470" errors="0">
  <testcase name="main" time="103.470" classname="testCases.SS_FCC_Private_Verify_AddToBagFCC_ViaHeader"/>
</testsuite> <!-- testCases.SS_FCC_Private_Verify_AddToBagFCC_ViaHeader -->
