<?xml version="1.0" encoding="UTF-8"?>
<!-- Generated by org.testng.reporters.JUnitReportReporter -->
<testsuite hostname="surender3145693" name="testCases.SS_FCC_Private_Verify_QuickBuyFCC_GuestUser" tests="1" failures="0" timestamp="25 Jan 2017 08:48:28 GMT" time="59.201" errors="0">
  <testcase name="main" time="59.201" classname="testCases.SS_FCC_Private_Verify_QuickBuyFCC_GuestUser"/>
</testsuite> <!-- testCases.SS_FCC_Private_Verify_QuickBuyFCC_GuestUser -->
