<?xml version="1.0" encoding="UTF-8"?>
<!-- Generated by org.testng.reporters.JUnitReportReporter -->
<testsuite hostname="surender3145693" name="testCases.SS_Login_BlankUsername" tests="1" failures="0" timestamp="7 Feb 2017 08:32:56 GMT" time="20.545" errors="0">
  <testcase name="main" time="20.545" classname="testCases.SS_Login_BlankUsername"/>
</testsuite> <!-- testCases.SS_Login_BlankUsername -->
