<?xml version="1.0" encoding="UTF-8"?>
<!-- Generated by org.testng.reporters.JUnitReportReporter -->
<testsuite hostname="surender3145693" name="testCases.SS_CheckOut_RegisterAtCheckout_OrderUsingNetBanking" tests="1" failures="0" timestamp="25 Jan 2017 10:39:46 GMT" time="38.860" errors="0">
  <testcase name="main" time="38.860" classname="testCases.SS_CheckOut_RegisterAtCheckout_OrderUsingNetBanking"/>
</testsuite> <!-- testCases.SS_CheckOut_RegisterAtCheckout_OrderUsingNetBanking -->
