<?xml version="1.0" encoding="UTF-8"?>
<!-- Generated by org.testng.reporters.JUnitReportReporter -->
<testsuite hostname="surender3145693" name="testCases.SS_HomePage_Public_Verify_Header_Banner_Footer_Section" tests="1" failures="0" timestamp="7 Feb 2017 03:23:17 GMT" time="20.150" errors="0">
  <testcase name="main" time="20.150" classname="testCases.SS_HomePage_Public_Verify_Header_Banner_Footer_Section"/>
</testsuite> <!-- testCases.SS_HomePage_Public_Verify_Header_Banner_Footer_Section -->
