<?xml version="1.0" encoding="UTF-8"?>
<!-- Generated by org.testng.reporters.JUnitReportReporter -->
<testsuite hostname="surender3145693" name="testCases.SS_PLP_Verify_Promotion_Image_Link" tests="1" failures="0" timestamp="7 Feb 2017 04:29:15 GMT" time="38.726" errors="0">
  <testcase name="main" time="38.726" classname="testCases.SS_PLP_Verify_Promotion_Image_Link"/>
</testsuite> <!-- testCases.SS_PLP_Verify_Promotion_Image_Link -->
