<?xml version="1.0" encoding="UTF-8"?>
<!-- Generated by org.testng.reporters.JUnitReportReporter -->
<testsuite hostname="surender3145693" name="testCases.SS_PDP_PersistentProduct" tests="1" failures="0" timestamp="25 Jan 2017 11:44:02 GMT" time="34.647" errors="0">
  <testcase name="main" time="34.647" classname="testCases.SS_PDP_PersistentProduct"/>
</testsuite> <!-- testCases.SS_PDP_PersistentProduct -->
