<?xml version="1.0" encoding="UTF-8"?>
<!-- Generated by org.testng.reporters.JUnitReportReporter -->
<testsuite hostname="surender3145693" name="testCases.SS_ProfilePage_Change_Password_VerifyButtons" tests="1" failures="0" timestamp="7 Feb 2017 08:18:23 GMT" time="34.531" errors="0">
  <testcase name="main" time="34.531" classname="testCases.SS_ProfilePage_Change_Password_VerifyButtons"/>
</testsuite> <!-- testCases.SS_ProfilePage_Change_Password_VerifyButtons -->
