<?xml version="1.0" encoding="UTF-8"?>
<!-- Generated by org.testng.reporters.JUnitReportReporter -->
<testsuite hostname="surender3145693" name="testCases.SS_CheckOut" tests="1" failures="0" timestamp="25 Jan 2017 11:28:27 GMT" time="53.563" errors="0">
  <testcase name="main" time="53.563" classname="testCases.SS_CheckOut"/>
</testsuite> <!-- testCases.SS_CheckOut -->
