<?xml version="1.0" encoding="UTF-8"?>
<!-- Generated by org.testng.reporters.JUnitReportReporter -->
<testsuite hostname="surender3145693" name="testCases.SS_Header_Public_Verify_WishlistAlert_Link" tests="1" failures="0" timestamp="7 Feb 2017 03:02:20 GMT" time="9.863" errors="0">
  <testcase name="main" time="9.863" classname="testCases.SS_Header_Public_Verify_WishlistAlert_Link"/>
</testsuite> <!-- testCases.SS_Header_Public_Verify_WishlistAlert_Link -->
