<?xml version="1.0" encoding="UTF-8"?>
<!-- Generated by org.testng.reporters.JUnitReportReporter -->
<testsuite hostname="surender3145693" name="testCases.SS_PLP_Verify_Filter_On_Off_Functionality" tests="1" failures="0" timestamp="7 Feb 2017 04:29:15 GMT" time="33.831" errors="0">
  <testcase name="main" time="33.831" classname="testCases.SS_PLP_Verify_Filter_On_Off_Functionality"/>
</testsuite> <!-- testCases.SS_PLP_Verify_Filter_On_Off_Functionality -->
