<?xml version="1.0" encoding="UTF-8"?>
<!-- Generated by org.testng.reporters.JUnitReportReporter -->
<testsuite hostname="surender3145693" name="testCases.SS_PDP_WriteReview_AutoScrollToBottom" tests="1" failures="0" timestamp="25 Jan 2017 11:44:02 GMT" time="41.345" errors="0">
  <testcase name="main" time="41.345" classname="testCases.SS_PDP_WriteReview_AutoScrollToBottom"/>
</testsuite> <!-- testCases.SS_PDP_WriteReview_AutoScrollToBottom -->
