<?xml version="1.0" encoding="UTF-8"?>
<!-- Generated by org.testng.reporters.JUnitReportReporter -->
<testsuite hostname="surender3145693" name="testCases.SS_Logout" tests="1" failures="0" timestamp="7 Feb 2017 08:32:56 GMT" time="36.282" errors="0">
  <testcase name="main" time="36.282" classname="testCases.SS_Logout"/>
</testsuite> <!-- testCases.SS_Logout -->
